{"C:\\Users\\dhruv.bansal\\Desktop\\POCs\\release-guard-backend\\src\\app.controller.ts": {"path":"C:\\Users\\dhruv.bansal\\Desktop\\POCs\\release-guard-backend\\src\\app.controller.ts","statementMap":{"0":{"start":{"line":1,"column":0},"end":{"line":1,"column":44}},"1":{"start":{"line":4,"column":7},"end":{"line":4,"column":null}},"2":{"start":{"line":4,"column":13},"end":{"line":4,"column":26}},"3":{"start":{"line":4,"column":13},"end":{"line":4,"column":null}}},"fnMap":{},"branchMap":{},"s":{"0":0,"1":0,"2":0,"3":0},"f":{},"b":{}}
,"C:\\Users\\dhruv.bansal\\Desktop\\POCs\\release-guard-backend\\src\\app.module.ts": {"path":"C:\\Users\\dhruv.bansal\\Desktop\\POCs\\release-guard-backend\\src\\app.module.ts","statementMap":{"0":{"start":{"line":1,"column":0},"end":{"line":1,"column":40}},"1":{"start":{"line":2,"column":0},"end":{"line":2,"column":48}},"2":{"start":{"line":3,"column":0},"end":{"line":3,"column":66}},"3":{"start":{"line":4,"column":0},"end":{"line":4,"column":48}},"4":{"start":{"line":5,"column":0},"end":{"line":5,"column":57}},"5":{"start":{"line":6,"column":0},"end":{"line":6,"column":61}},"6":{"start":{"line":7,"column":0},"end":{"line":7,"column":28}},"7":{"start":{"line":9,"column":0},"end":{"line":9,"column":49}},"8":{"start":{"line":10,"column":0},"end":{"line":10,"column":43}},"9":{"start":{"line":11,"column":0},"end":{"line":11,"column":54}},"10":{"start":{"line":12,"column":0},"end":{"line":12,"column":69}},"11":{"start":{"line":13,"column":0},"end":{"line":13,"column":54}},"12":{"start":{"line":14,"column":0},"end":{"line":14,"column":54}},"13":{"start":{"line":15,"column":0},"end":{"line":15,"column":48}},"14":{"start":{"line":16,"column":0},"end":{"line":16,"column":67}},"15":{"start":{"line":52,"column":7},"end":{"line":52,"column":null}},"16":{"start":{"line":52,"column":13},"end":{"line":52,"column":22}},"17":{"start":{"line":52,"column":13},"end":{"line":52,"column":null}},"18":{"start":{"line":24,"column":29},"end":{"line":24,"column":36}},"19":{"start":{"line":29,"column":46},"end":{"line":38,"column":8}}},"fnMap":{"0":{"name":"(anonymous_1)","decl":{"start":{"line":24,"column":15},"end":{"line":24,"column":16}},"loc":{"start":{"line":24,"column":29},"end":{"line":24,"column":36}}},"1":{"name":"(anonymous_2)","decl":{"start":{"line":29,"column":18},"end":{"line":29,"column":19}},"loc":{"start":{"line":29,"column":46},"end":{"line":38,"column":8}}}},"branchMap":{"0":{"loc":{"start":{"line":32,"column":23},"end":{"line":32,"column":54}},"type":"binary-expr","locations":[{"start":{"line":32,"column":23},"end":{"line":32,"column":44}},{"start":{"line":32,"column":48},"end":{"line":32,"column":54}}]}},"s":{"0":0,"1":0,"2":0,"3":0,"4":0,"5":0,"6":0,"7":0,"8":0,"9":0,"10":0,"11":0,"12":0,"13":0,"14":0,"15":0,"16":0,"17":0,"18":0,"19":0},"f":{"0":0,"1":0},"b":{"0":[0,0]}}
,"C:\\Users\\dhruv.bansal\\Desktop\\POCs\\release-guard-backend\\src\\app.service.ts": {"path":"C:\\Users\\dhruv.bansal\\Desktop\\POCs\\release-guard-backend\\src\\app.service.ts","statementMap":{"0":{"start":{"line":1,"column":0},"end":{"line":1,"column":44}},"1":{"start":{"line":4,"column":7},"end":{"line":8,"column":null}},"2":{"start":{"line":6,"column":4},"end":{"line":6,"column":26}},"3":{"start":{"line":4,"column":13},"end":{"line":4,"column":23}},"4":{"start":{"line":4,"column":13},"end":{"line":8,"column":null}}},"fnMap":{"0":{"name":"(anonymous_1)","decl":{"start":{"line":5,"column":2},"end":{"line":5,"column":10}},"loc":{"start":{"line":5,"column":10},"end":{"line":7,"column":3}}}},"branchMap":{},"s":{"0":0,"1":0,"2":0,"3":0,"4":0},"f":{"0":0},"b":{}}
,"C:\\Users\\dhruv.bansal\\Desktop\\POCs\\release-guard-backend\\src\\logger.config.ts": {"path":"C:\\Users\\dhruv.bansal\\Desktop\\POCs\\release-guard-backend\\src\\logger.config.ts","statementMap":{"0":{"start":{"line":1,"column":0},"end":{"line":1,"column":86}},"1":{"start":{"line":2,"column":0},"end":{"line":2,"column":35}},"2":{"start":{"line":4,"column":13},"end":{"line":18,"column":3}}},"fnMap":{},"branchMap":{},"s":{"0":0,"1":0,"2":0},"f":{},"b":{}}
,"C:\\Users\\dhruv.bansal\\Desktop\\POCs\\release-guard-backend\\src\\main.ts": {"path":"C:\\Users\\dhruv.bansal\\Desktop\\POCs\\release-guard-backend\\src\\main.ts","statementMap":{"0":{"start":{"line":1,"column":0},"end":{"line":1,"column":43}},"1":{"start":{"line":2,"column":0},"end":{"line":2,"column":48}},"2":{"start":{"line":3,"column":0},"end":{"line":3,"column":28}},"3":{"start":{"line":4,"column":0},"end":{"line":4,"column":41}},"4":{"start":{"line":5,"column":0},"end":{"line":5,"column":48}},"5":{"start":{"line":8,"column":14},"end":{"line":10,"column":4}},"6":{"start":{"line":13,"column":2},"end":{"line":15,"column":6}},"7":{"start":{"line":18,"column":2},"end":{"line":18,"column":19}},"8":{"start":{"line":21,"column":2},"end":{"line":25,"column":6}},"9":{"start":{"line":27,"column":2},"end":{"line":27,"column":45}},"10":{"start":{"line":29,"column":0},"end":{"line":29,"column":12}}},"fnMap":{"0":{"name":"bootstrap","decl":{"start":{"line":7,"column":15},"end":{"line":7,"column":24}},"loc":{"start":{"line":7,"column":24},"end":{"line":28,"column":1}}}},"branchMap":{"0":{"loc":{"start":{"line":27,"column":19},"end":{"line":27,"column":43}},"type":"binary-expr","locations":[{"start":{"line":27,"column":19},"end":{"line":27,"column":35}},{"start":{"line":27,"column":39},"end":{"line":27,"column":43}}]}},"s":{"0":0,"1":0,"2":0,"3":0,"4":0,"5":0,"6":0,"7":0,"8":0,"9":0,"10":0},"f":{"0":0},"b":{"0":[0,0]}}
,"C:\\Users\\dhruv.bansal\\Desktop\\POCs\\release-guard-backend\\src\\auth\\auth.module.ts": {"path":"C:\\Users\\dhruv.bansal\\Desktop\\POCs\\release-guard-backend\\src\\auth\\auth.module.ts","statementMap":{"0":{"start":{"line":1,"column":0},"end":{"line":1,"column":40}},"1":{"start":{"line":2,"column":0},"end":{"line":2,"column":40}},"2":{"start":{"line":3,"column":0},"end":{"line":3,"column":50}},"3":{"start":{"line":4,"column":0},"end":{"line":4,"column":61}},"4":{"start":{"line":5,"column":0},"end":{"line":5,"column":45}},"5":{"start":{"line":6,"column":0},"end":{"line":6,"column":45}},"6":{"start":{"line":7,"column":0},"end":{"line":7,"column":47}},"7":{"start":{"line":24,"column":7},"end":{"line":24,"column":null}},"8":{"start":{"line":24,"column":13},"end":{"line":24,"column":23}},"9":{"start":{"line":24,"column":13},"end":{"line":24,"column":null}},"10":{"start":{"line":15,"column":46},"end":{"line":18,"column":8}}},"fnMap":{"0":{"name":"(anonymous_1)","decl":{"start":{"line":15,"column":18},"end":{"line":15,"column":19}},"loc":{"start":{"line":15,"column":46},"end":{"line":18,"column":8}}}},"branchMap":{"0":{"loc":{"start":{"line":16,"column":16},"end":{"line":16,"column":60}},"type":"binary-expr","locations":[{"start":{"line":16,"column":16},"end":{"line":16,"column":48}},{"start":{"line":16,"column":52},"end":{"line":16,"column":60}}]}},"s":{"0":0,"1":0,"2":0,"3":0,"4":0,"5":0,"6":0,"7":0,"8":0,"9":0,"10":0},"f":{"0":0},"b":{"0":[0,0]}}
,"C:\\Users\\dhruv.bansal\\Desktop\\POCs\\release-guard-backend\\src\\auth\\auth.resolver.ts": {"path":"C:\\Users\\dhruv.bansal\\Desktop\\POCs\\release-guard-backend\\src\\auth\\auth.resolver.ts","statementMap":{"0":{"start":{"line":1,"column":0},"end":{"line":1,"column":78}},"1":{"start":{"line":2,"column":0},"end":{"line":2,"column":45}},"2":{"start":{"line":5,"column":0},"end":{"line":8,"column":null}},"3":{"start":{"line":7,"column":2},"end":{"line":7,"column":null}},"4":{"start":{"line":5,"column":6},"end":{"line":8,"column":null}},"5":{"start":{"line":11,"column":7},"end":{"line":25,"column":null}},"6":{"start":{"line":12,"column":31},"end":{"line":12,"column":44}},"7":{"start":{"line":19,"column":17},"end":{"line":19,"column":68}},"8":{"start":{"line":20,"column":4},"end":{"line":22,"column":5}},"9":{"start":{"line":21,"column":6},"end":{"line":21,"column":45}},"10":{"start":{"line":23,"column":4},"end":{"line":23,"column":40}},"11":{"start":{"line":11,"column":13},"end":{"line":11,"column":25}},"12":{"start":{"line":15,"column":8},"end":{"line":24,"column":null}},"13":{"start":{"line":14,"column":18},"end":{"line":14,"column":31}},"14":{"start":{"line":11,"column":13},"end":{"line":25,"column":null}}},"fnMap":{"0":{"name":"(anonymous_4)","decl":{"start":{"line":12,"column":2},"end":{"line":12,"column":31}},"loc":{"start":{"line":12,"column":55},"end":{"line":12,"column":59}}},"1":{"name":"(anonymous_5)","decl":{"start":{"line":15,"column":8},"end":{"line":15,"column":13}},"loc":{"start":{"line":17,"column":34},"end":{"line":24,"column":3}}},"2":{"name":"(anonymous_6)","decl":{"start":{"line":14,"column":12},"end":{"line":14,"column":15}},"loc":{"start":{"line":14,"column":18},"end":{"line":14,"column":31}}}},"branchMap":{"0":{"loc":{"start":{"line":20,"column":4},"end":{"line":22,"column":5}},"type":"if","locations":[{"start":{"line":20,"column":4},"end":{"line":22,"column":5}},{"start":{},"end":{}}]},"1":{"loc":{"start":{"line":12,"column":44},"end":{"line":12,"column":58}},"type":"cond-expr","locations":[{"start":{"line":12,"column":55},"end":{"line":12,"column":58}},{"start":{"line":12,"column":55},"end":{"line":12,"column":58}}]},"2":{"loc":{"start":{"line":12,"column":44},"end":{"line":12,"column":55}},"type":"binary-expr","locations":[{"start":{"line":12,"column":44},"end":{"line":12,"column":58}},{"start":{"line":12,"column":44},"end":{"line":12,"column":55}}]}},"s":{"0":0,"1":0,"2":0,"3":0,"4":0,"5":0,"6":0,"7":0,"8":0,"9":0,"10":0,"11":0,"12":0,"13":0,"14":0},"f":{"0":0,"1":0,"2":0},"b":{"0":[0,0],"1":[0,0],"2":[0,0]}}
,"C:\\Users\\dhruv.bansal\\Desktop\\POCs\\release-guard-backend\\src\\auth\\auth.service.ts": {"path":"C:\\Users\\dhruv.bansal\\Desktop\\POCs\\release-guard-backend\\src\\auth\\auth.service.ts","statementMap":{"0":{"start":{"line":1,"column":0},"end":{"line":1,"column":44}},"1":{"start":{"line":2,"column":0},"end":{"line":2,"column":41}},"2":{"start":{"line":3,"column":0},"end":{"line":3,"column":47}},"3":{"start":{"line":6,"column":7},"end":{"line":27,"column":null}},"4":{"start":{"line":8,"column":21},"end":{"line":8,"column":33}},"5":{"start":{"line":9,"column":21},"end":{"line":9,"column":29}},"6":{"start":{"line":13,"column":20},"end":{"line":13,"column":61}},"7":{"start":{"line":14,"column":4},"end":{"line":16,"column":6}},"8":{"start":{"line":22,"column":4},"end":{"line":24,"column":5}},"9":{"start":{"line":23,"column":6},"end":{"line":23,"column":42}},"10":{"start":{"line":25,"column":4},"end":{"line":25,"column":16}},"11":{"start":{"line":6,"column":13},"end":{"line":6,"column":24}},"12":{"start":{"line":6,"column":13},"end":{"line":27,"column":null}}},"fnMap":{"0":{"name":"(anonymous_2)","decl":{"start":{"line":7,"column":2},"end":{"line":7,"column":null}},"loc":{"start":{"line":9,"column":42},"end":{"line":10,"column":6}}},"1":{"name":"(anonymous_3)","decl":{"start":{"line":12,"column":2},"end":{"line":12,"column":7}},"loc":{"start":{"line":12,"column":23},"end":{"line":17,"column":3}}},"2":{"name":"(anonymous_4)","decl":{"start":{"line":20,"column":2},"end":{"line":20,"column":7}},"loc":{"start":{"line":20,"column":51},"end":{"line":26,"column":3}}}},"branchMap":{"0":{"loc":{"start":{"line":22,"column":4},"end":{"line":24,"column":5}},"type":"if","locations":[{"start":{"line":22,"column":4},"end":{"line":24,"column":5}},{"start":{},"end":{}}]},"1":{"loc":{"start":{"line":22,"column":8},"end":{"line":22,"column":51}},"type":"binary-expr","locations":[{"start":{"line":22,"column":8},"end":{"line":22,"column":28}},{"start":{"line":22,"column":32},"end":{"line":22,"column":51}}]},"2":{"loc":{"start":{"line":8,"column":33},"end":{"line":8,"column":null}},"type":"cond-expr","locations":[{"start":{"line":8,"column":43},"end":{"line":8,"column":null}},{"start":{"line":8,"column":43},"end":{"line":8,"column":null}}]},"3":{"loc":{"start":{"line":8,"column":33},"end":{"line":8,"column":43}},"type":"binary-expr","locations":[{"start":{"line":8,"column":33},"end":{"line":8,"column":null}},{"start":{"line":8,"column":33},"end":{"line":8,"column":43}}]},"4":{"loc":{"start":{"line":8,"column":43},"end":{"line":9,"column":null}},"type":"cond-expr","locations":[{"start":{"line":9,"column":42},"end":{"line":9,"column":null}},{"start":{"line":9,"column":42},"end":{"line":9,"column":null}}]},"5":{"loc":{"start":{"line":8,"column":43},"end":{"line":9,"column":42}},"type":"binary-expr","locations":[{"start":{"line":8,"column":43},"end":{"line":9,"column":null}},{"start":{"line":9,"column":29},"end":{"line":9,"column":42}}]}},"s":{"0":0,"1":0,"2":0,"3":0,"4":0,"5":0,"6":0,"7":0,"8":0,"9":0,"10":0,"11":0,"12":0},"f":{"0":0,"1":0,"2":0},"b":{"0":[0,0],"1":[0,0],"2":[0,0],"3":[0,0],"4":[0,0],"5":[0,0]}}
,"C:\\Users\\dhruv.bansal\\Desktop\\POCs\\release-guard-backend\\src\\auth\\gql-auth.guard.ts": {"path":"C:\\Users\\dhruv.bansal\\Desktop\\POCs\\release-guard-backend\\src\\auth\\gql-auth.guard.ts","statementMap":{"0":{"start":{"line":1,"column":0},"end":{"line":1,"column":62}},"1":{"start":{"line":2,"column":0},"end":{"line":2,"column":45}},"2":{"start":{"line":3,"column":0},"end":{"line":3,"column":54}},"3":{"start":{"line":6,"column":7},"end":{"line":11,"column":null}},"4":{"start":{"line":8,"column":16},"end":{"line":8,"column":51}},"5":{"start":{"line":9,"column":4},"end":{"line":9,"column":32}},"6":{"start":{"line":6,"column":13},"end":{"line":6,"column":25}},"7":{"start":{"line":6,"column":13},"end":{"line":11,"column":null}}},"fnMap":{"0":{"name":"(anonymous_1)","decl":{"start":{"line":7,"column":2},"end":{"line":7,"column":12}},"loc":{"start":{"line":7,"column":38},"end":{"line":10,"column":3}}}},"branchMap":{},"s":{"0":0,"1":0,"2":0,"3":0,"4":0,"5":0,"6":0,"7":0},"f":{"0":0},"b":{}}
,"C:\\Users\\dhruv.bansal\\Desktop\\POCs\\release-guard-backend\\src\\auth\\jwt.strategy.ts": {"path":"C:\\Users\\dhruv.bansal\\Desktop\\POCs\\release-guard-backend\\src\\auth\\jwt.strategy.ts","statementMap":{"0":{"start":{"line":1,"column":0},"end":{"line":1,"column":44}},"1":{"start":{"line":2,"column":0},"end":{"line":2,"column":52}},"2":{"start":{"line":3,"column":0},"end":{"line":3,"column":52}},"3":{"start":{"line":4,"column":0},"end":{"line":4,"column":47}},"4":{"start":{"line":7,"column":7},"end":{"line":19,"column":null}},"5":{"start":{"line":9,"column":4},"end":{"line":13,"column":7}},"6":{"start":{"line":8,"column":31},"end":{"line":8,"column":39}},"7":{"start":{"line":17,"column":4},"end":{"line":17,"column":63}},"8":{"start":{"line":7,"column":13},"end":{"line":7,"column":24}},"9":{"start":{"line":7,"column":13},"end":{"line":19,"column":null}}},"fnMap":{"0":{"name":"(anonymous_2)","decl":{"start":{"line":8,"column":2},"end":{"line":8,"column":31}},"loc":{"start":{"line":8,"column":52},"end":{"line":14,"column":3}}},"1":{"name":"(anonymous_3)","decl":{"start":{"line":16,"column":2},"end":{"line":16,"column":7}},"loc":{"start":{"line":16,"column":29},"end":{"line":18,"column":3}}}},"branchMap":{"0":{"loc":{"start":{"line":12,"column":19},"end":{"line":12,"column":63}},"type":"binary-expr","locations":[{"start":{"line":12,"column":19},"end":{"line":12,"column":51}},{"start":{"line":12,"column":55},"end":{"line":12,"column":63}}]},"1":{"loc":{"start":{"line":8,"column":39},"end":{"line":8,"column":null}},"type":"cond-expr","locations":[{"start":{"line":8,"column":52},"end":{"line":8,"column":null}},{"start":{"line":8,"column":52},"end":{"line":8,"column":null}}]},"2":{"loc":{"start":{"line":8,"column":39},"end":{"line":8,"column":52}},"type":"binary-expr","locations":[{"start":{"line":8,"column":39},"end":{"line":8,"column":null}},{"start":{"line":8,"column":39},"end":{"line":8,"column":52}}]}},"s":{"0":0,"1":0,"2":0,"3":0,"4":0,"5":0,"6":0,"7":0,"8":0,"9":0},"f":{"0":0,"1":0},"b":{"0":[0,0],"1":[0,0],"2":[0,0]}}
,"C:\\Users\\dhruv.bansal\\Desktop\\POCs\\release-guard-backend\\src\\auth\\entities\\user.entity.ts": {"path":"C:\\Users\\dhruv.bansal\\Desktop\\POCs\\release-guard-backend\\src\\auth\\entities\\user.entity.ts","statementMap":{"0":{"start":{"line":1,"column":0},"end":{"line":1,"column":65}},"1":{"start":{"line":2,"column":0},"end":{"line":2,"column":56}},"2":{"start":{"line":6,"column":7},"end":{"line":17,"column":null}},"3":{"start":{"line":6,"column":13},"end":{"line":6,"column":17}},"4":{"start":{"line":9,"column":2},"end":{"line":9,"column":null}},"5":{"start":{"line":8,"column":15},"end":{"line":8,"column":17}},"6":{"start":{"line":13,"column":2},"end":{"line":13,"column":null}},"7":{"start":{"line":16,"column":2},"end":{"line":16,"column":20}},"8":{"start":{"line":6,"column":13},"end":{"line":17,"column":null}}},"fnMap":{"0":{"name":"(anonymous_2)","decl":{"start":{"line":8,"column":9},"end":{"line":8,"column":12}},"loc":{"start":{"line":8,"column":15},"end":{"line":8,"column":17}}}},"branchMap":{},"s":{"0":0,"1":0,"2":0,"3":0,"4":0,"5":0,"6":0,"7":0,"8":0},"f":{"0":0},"b":{}}
,"C:\\Users\\dhruv.bansal\\Desktop\\POCs\\release-guard-backend\\src\\consistency\\consistency.module.ts": {"path":"C:\\Users\\dhruv.bansal\\Desktop\\POCs\\release-guard-backend\\src\\consistency\\consistency.module.ts","statementMap":{"0":{"start":{"line":1,"column":0},"end":{"line":1,"column":40}},"1":{"start":{"line":2,"column":0},"end":{"line":2,"column":59}},"2":{"start":{"line":3,"column":0},"end":{"line":3,"column":61}},"3":{"start":{"line":4,"column":0},"end":{"line":4,"column":55}},"4":{"start":{"line":5,"column":0},"end":{"line":5,"column":55}},"5":{"start":{"line":11,"column":7},"end":{"line":11,"column":null}},"6":{"start":{"line":11,"column":13},"end":{"line":11,"column":30}},"7":{"start":{"line":11,"column":13},"end":{"line":11,"column":null}}},"fnMap":{},"branchMap":{},"s":{"0":0,"1":0,"2":0,"3":0,"4":0,"5":0,"6":0,"7":0},"f":{},"b":{}}
,"C:\\Users\\dhruv.bansal\\Desktop\\POCs\\release-guard-backend\\src\\consistency\\consistency.resolver.ts": {"path":"C:\\Users\\dhruv.bansal\\Desktop\\POCs\\release-guard-backend\\src\\consistency\\consistency.resolver.ts","statementMap":{"0":{"start":{"line":1,"column":0},"end":{"line":1,"column":70}},"1":{"start":{"line":2,"column":0},"end":{"line":2,"column":43}},"2":{"start":{"line":3,"column":0},"end":{"line":3,"column":59}},"3":{"start":{"line":4,"column":0},"end":{"line":4,"column":70}},"4":{"start":{"line":5,"column":0},"end":{"line":5,"column":54}},"5":{"start":{"line":8,"column":7},"end":{"line":24,"column":null}},"6":{"start":{"line":9,"column":31},"end":{"line":9,"column":51}},"7":{"start":{"line":14,"column":4},"end":{"line":14,"column":25}},"8":{"start":{"line":22,"column":4},"end":{"line":22,"column":57}},"9":{"start":{"line":8,"column":13},"end":{"line":8,"column":32}},"10":{"start":{"line":13,"column":8},"end":{"line":15,"column":null}},"11":{"start":{"line":11,"column":15},"end":{"line":11,"column":23}},"12":{"start":{"line":13,"column":56},"end":{"line":13,"column":58}},"13":{"start":{"line":19,"column":8},"end":{"line":23,"column":null}},"14":{"start":{"line":17,"column":18},"end":{"line":17,"column":33}},"15":{"start":{"line":8,"column":13},"end":{"line":24,"column":null}}},"fnMap":{"0":{"name":"(anonymous_4)","decl":{"start":{"line":9,"column":2},"end":{"line":9,"column":31}},"loc":{"start":{"line":9,"column":69},"end":{"line":9,"column":73}}},"1":{"name":"(anonymous_5)","decl":{"start":{"line":13,"column":8},"end":{"line":13,"column":23}},"loc":{"start":{"line":13,"column":78},"end":{"line":15,"column":3}}},"2":{"name":"(anonymous_6)","decl":{"start":{"line":19,"column":8},"end":{"line":19,"column":22}},"loc":{"start":{"line":20,"column":40},"end":{"line":23,"column":3}}},"3":{"name":"(anonymous_7)","decl":{"start":{"line":11,"column":9},"end":{"line":11,"column":12}},"loc":{"start":{"line":11,"column":15},"end":{"line":11,"column":23}}},"4":{"name":"(anonymous_8)","decl":{"start":{"line":13,"column":50},"end":{"line":13,"column":53}},"loc":{"start":{"line":13,"column":56},"end":{"line":13,"column":58}}},"5":{"name":"(anonymous_9)","decl":{"start":{"line":17,"column":12},"end":{"line":17,"column":15}},"loc":{"start":{"line":17,"column":18},"end":{"line":17,"column":33}}}},"branchMap":{"0":{"loc":{"start":{"line":20,"column":26},"end":{"line":20,"column":null}},"type":"cond-expr","locations":[{"start":{"line":20,"column":40},"end":{"line":20,"column":null}},{"start":{"line":20,"column":40},"end":{"line":20,"column":null}}]},"1":{"loc":{"start":{"line":20,"column":26},"end":{"line":20,"column":40}},"type":"binary-expr","locations":[{"start":{"line":20,"column":26},"end":{"line":20,"column":null}},{"start":{"line":20,"column":26},"end":{"line":20,"column":40}}]},"2":{"loc":{"start":{"line":21,"column":5},"end":{"line":21,"column":null}},"type":"cond-expr","locations":[{"start":{"line":21,"column":12},"end":{"line":21,"column":null}},{"start":{"line":21,"column":12},"end":{"line":21,"column":null}}]},"3":{"loc":{"start":{"line":21,"column":5},"end":{"line":21,"column":12}},"type":"binary-expr","locations":[{"start":{"line":21,"column":5},"end":{"line":21,"column":null}},{"start":{"line":21,"column":5},"end":{"line":21,"column":12}}]},"4":{"loc":{"start":{"line":9,"column":51},"end":{"line":9,"column":72}},"type":"cond-expr","locations":[{"start":{"line":9,"column":69},"end":{"line":9,"column":72}},{"start":{"line":9,"column":69},"end":{"line":9,"column":72}}]},"5":{"loc":{"start":{"line":9,"column":51},"end":{"line":9,"column":69}},"type":"binary-expr","locations":[{"start":{"line":9,"column":51},"end":{"line":9,"column":72}},{"start":{"line":9,"column":51},"end":{"line":9,"column":69}}]}},"s":{"0":0,"1":0,"2":0,"3":0,"4":0,"5":0,"6":0,"7":0,"8":0,"9":0,"10":0,"11":0,"12":0,"13":0,"14":0,"15":0},"f":{"0":0,"1":0,"2":0,"3":0,"4":0,"5":0},"b":{"0":[0,0],"1":[0,0],"2":[0,0],"3":[0,0],"4":[0,0],"5":[0,0]}}
,"C:\\Users\\dhruv.bansal\\Desktop\\POCs\\release-guard-backend\\src\\consistency\\consistency.service.ts": {"path":"C:\\Users\\dhruv.bansal\\Desktop\\POCs\\release-guard-backend\\src\\consistency\\consistency.service.ts","statementMap":{"0":{"start":{"line":1,"column":0},"end":{"line":1,"column":52}},"1":{"start":{"line":2,"column":0},"end":{"line":2,"column":57}},"2":{"start":{"line":3,"column":0},"end":{"line":3,"column":57}},"3":{"start":{"line":7,"column":31},"end":{"line":73,"column":null}},"4":{"start":{"line":8,"column":28},"end":{"line":8,"column":63}},"5":{"start":{"line":11,"column":21},"end":{"line":11,"column":36}},"6":{"start":{"line":12,"column":21},"end":{"line":12,"column":36}},"7":{"start":{"line":16,"column":4},"end":{"line":16,"column":94}},"8":{"start":{"line":19,"column":25},"end":{"line":19,"column":71}},"9":{"start":{"line":22,"column":27},"end":{"line":22,"column":94}},"10":{"start":{"line":22,"column":55},"end":{"line":22,"column":93}},"11":{"start":{"line":24,"column":4},"end":{"line":27,"column":5}},"12":{"start":{"line":26,"column":6},"end":{"line":26,"column":108}},"13":{"start":{"line":29,"column":4},"end":{"line":32,"column":5}},"14":{"start":{"line":30,"column":6},"end":{"line":30,"column":90}},"15":{"start":{"line":31,"column":6},"end":{"line":31,"column":103}},"16":{"start":{"line":35,"column":4},"end":{"line":38,"column":5}},"17":{"start":{"line":37,"column":6},"end":{"line":37,"column":103}},"18":{"start":{"line":40,"column":32},"end":{"line":40,"column":64}},"19":{"start":{"line":43,"column":27},"end":{"line":43,"column":44}},"20":{"start":{"line":44,"column":4},"end":{"line":46,"column":5}},"21":{"start":{"line":45,"column":6},"end":{"line":45,"column":104}},"22":{"start":{"line":49,"column":31},"end":{"line":49,"column":107}},"23":{"start":{"line":51,"column":43},"end":{"line":51,"column":45}},"24":{"start":{"line":53,"column":4},"end":{"line":60,"column":5}},"25":{"start":{"line":54,"column":6},"end":{"line":59,"column":7}},"26":{"start":{"line":55,"column":8},"end":{"line":58,"column":11}},"27":{"start":{"line":62,"column":4},"end":{"line":69,"column":5}},"28":{"start":{"line":63,"column":6},"end":{"line":68,"column":8}},"29":{"start":{"line":71,"column":4},"end":{"line":71,"column":106}},"30":{"start":{"line":7,"column":13},"end":{"line":7,"column":31}},"31":{"start":{"line":7,"column":13},"end":{"line":73,"column":null}}},"fnMap":{"0":{"name":"(anonymous_2)","decl":{"start":{"line":10,"column":2},"end":{"line":10,"column":null}},"loc":{"start":{"line":12,"column":49},"end":{"line":13,"column":6}}},"1":{"name":"(anonymous_3)","decl":{"start":{"line":15,"column":2},"end":{"line":15,"column":7}},"loc":{"start":{"line":15,"column":44},"end":{"line":72,"column":3}}},"2":{"name":"(anonymous_4)","decl":{"start":{"line":22,"column":50},"end":{"line":22,"column":51}},"loc":{"start":{"line":22,"column":55},"end":{"line":22,"column":93}}}},"branchMap":{"0":{"loc":{"start":{"line":24,"column":4},"end":{"line":27,"column":5}},"type":"if","locations":[{"start":{"line":24,"column":4},"end":{"line":27,"column":5}},{"start":{},"end":{}}]},"1":{"loc":{"start":{"line":24,"column":8},"end":{"line":24,"column":56}},"type":"binary-expr","locations":[{"start":{"line":24,"column":8},"end":{"line":24,"column":29}},{"start":{"line":24,"column":33},"end":{"line":24,"column":56}}]},"2":{"loc":{"start":{"line":29,"column":4},"end":{"line":32,"column":5}},"type":"if","locations":[{"start":{"line":29,"column":4},"end":{"line":32,"column":5}},{"start":{},"end":{}}]},"3":{"loc":{"start":{"line":35,"column":4},"end":{"line":38,"column":5}},"type":"if","locations":[{"start":{"line":35,"column":4},"end":{"line":38,"column":5}},{"start":{},"end":{}}]},"4":{"loc":{"start":{"line":44,"column":4},"end":{"line":46,"column":5}},"type":"if","locations":[{"start":{"line":44,"column":4},"end":{"line":46,"column":5}},{"start":{},"end":{}}]},"5":{"loc":{"start":{"line":44,"column":8},"end":{"line":44,"column":58}},"type":"binary-expr","locations":[{"start":{"line":44,"column":8},"end":{"line":44,"column":25}},{"start":{"line":44,"column":29},"end":{"line":44,"column":58}}]},"6":{"loc":{"start":{"line":54,"column":6},"end":{"line":59,"column":7}},"type":"if","locations":[{"start":{"line":54,"column":6},"end":{"line":59,"column":7}},{"start":{},"end":{}}]},"7":{"loc":{"start":{"line":62,"column":4},"end":{"line":69,"column":5}},"type":"if","locations":[{"start":{"line":62,"column":4},"end":{"line":69,"column":5}},{"start":{},"end":{}}]},"8":{"loc":{"start":{"line":11,"column":36},"end":{"line":11,"column":null}},"type":"cond-expr","locations":[{"start":{"line":11,"column":49},"end":{"line":11,"column":null}},{"start":{"line":11,"column":49},"end":{"line":11,"column":null}}]},"9":{"loc":{"start":{"line":11,"column":36},"end":{"line":11,"column":49}},"type":"binary-expr","locations":[{"start":{"line":11,"column":36},"end":{"line":11,"column":null}},{"start":{"line":11,"column":36},"end":{"line":11,"column":49}}]},"10":{"loc":{"start":{"line":11,"column":49},"end":{"line":12,"column":null}},"type":"cond-expr","locations":[{"start":{"line":12,"column":49},"end":{"line":12,"column":null}},{"start":{"line":12,"column":49},"end":{"line":12,"column":null}}]},"11":{"loc":{"start":{"line":11,"column":49},"end":{"line":12,"column":49}},"type":"binary-expr","locations":[{"start":{"line":11,"column":49},"end":{"line":12,"column":null}},{"start":{"line":12,"column":36},"end":{"line":12,"column":49}}]}},"s":{"0":1,"1":1,"2":1,"3":1,"4":5,"5":5,"6":5,"7":4,"8":4,"9":4,"10":6,"11":4,"12":1,"13":3,"14":0,"15":0,"16":3,"17":1,"18":2,"19":2,"20":2,"21":2,"22":2,"23":2,"24":2,"25":2,"26":1,"27":2,"28":1,"29":1,"30":1,"31":1},"f":{"0":5,"1":4,"2":6},"b":{"0":[1,3],"1":[4,1],"2":[0,3],"3":[1,2],"4":[2,0],"5":[2,0],"6":[1,1],"7":[1,1],"8":[1,0],"9":[1,1],"10":[1,0],"11":[1,1]}}
,"C:\\Users\\dhruv.bansal\\Desktop\\POCs\\release-guard-backend\\src\\consistency\\dto\\promotion.dto.ts": {"path":"C:\\Users\\dhruv.bansal\\Desktop\\POCs\\release-guard-backend\\src\\consistency\\dto\\promotion.dto.ts","statementMap":{"0":{"start":{"line":1,"column":0},"end":{"line":1,"column":63}},"1":{"start":{"line":4,"column":7},"end":{"line":16,"column":null}},"2":{"start":{"line":4,"column":13},"end":{"line":4,"column":27}},"3":{"start":{"line":6,"column":2},"end":{"line":6,"column":null}},"4":{"start":{"line":9,"column":2},"end":{"line":9,"column":null}},"5":{"start":{"line":12,"column":2},"end":{"line":12,"column":null}},"6":{"start":{"line":11,"column":15},"end":{"line":11,"column":23}},"7":{"start":{"line":15,"column":2},"end":{"line":15,"column":null}},"8":{"start":{"line":14,"column":15},"end":{"line":14,"column":23}},"9":{"start":{"line":4,"column":13},"end":{"line":16,"column":null}},"10":{"start":{"line":19,"column":7},"end":{"line":25,"column":null}},"11":{"start":{"line":19,"column":13},"end":{"line":19,"column":25}},"12":{"start":{"line":21,"column":2},"end":{"line":21,"column":null}},"13":{"start":{"line":24,"column":2},"end":{"line":24,"column":null}},"14":{"start":{"line":23,"column":15},"end":{"line":23,"column":23}},"15":{"start":{"line":19,"column":13},"end":{"line":25,"column":null}},"16":{"start":{"line":28,"column":7},"end":{"line":40,"column":null}},"17":{"start":{"line":28,"column":13},"end":{"line":28,"column":28}},"18":{"start":{"line":30,"column":2},"end":{"line":30,"column":null}},"19":{"start":{"line":33,"column":2},"end":{"line":33,"column":18}},"20":{"start":{"line":36,"column":2},"end":{"line":36,"column":null}},"21":{"start":{"line":35,"column":15},"end":{"line":35,"column":29}},"22":{"start":{"line":39,"column":2},"end":{"line":39,"column":null}},"23":{"start":{"line":38,"column":15},"end":{"line":38,"column":21}},"24":{"start":{"line":28,"column":13},"end":{"line":40,"column":null}}},"fnMap":{"0":{"name":"(anonymous_2)","decl":{"start":{"line":11,"column":9},"end":{"line":11,"column":12}},"loc":{"start":{"line":11,"column":15},"end":{"line":11,"column":23}}},"1":{"name":"(anonymous_3)","decl":{"start":{"line":14,"column":9},"end":{"line":14,"column":12}},"loc":{"start":{"line":14,"column":15},"end":{"line":14,"column":23}}},"2":{"name":"(anonymous_4)","decl":{"start":{"line":23,"column":9},"end":{"line":23,"column":12}},"loc":{"start":{"line":23,"column":15},"end":{"line":23,"column":23}}},"3":{"name":"(anonymous_5)","decl":{"start":{"line":35,"column":9},"end":{"line":35,"column":12}},"loc":{"start":{"line":35,"column":15},"end":{"line":35,"column":29}}},"4":{"name":"(anonymous_6)","decl":{"start":{"line":38,"column":9},"end":{"line":38,"column":12}},"loc":{"start":{"line":38,"column":15},"end":{"line":38,"column":21}}}},"branchMap":{},"s":{"0":0,"1":0,"2":0,"3":0,"4":0,"5":0,"6":0,"7":0,"8":0,"9":0,"10":0,"11":0,"12":0,"13":0,"14":0,"15":0,"16":0,"17":0,"18":0,"19":0,"20":0,"21":0,"22":0,"23":0,"24":0},"f":{"0":0,"1":0,"2":0,"3":0,"4":0},"b":{}}
,"C:\\Users\\dhruv.bansal\\Desktop\\POCs\\release-guard-backend\\src\\gitlab\\gitlab.module.ts": {"path":"C:\\Users\\dhruv.bansal\\Desktop\\POCs\\release-guard-backend\\src\\gitlab\\gitlab.module.ts","statementMap":{"0":{"start":{"line":1,"column":0},"end":{"line":1,"column":40}},"1":{"start":{"line":2,"column":0},"end":{"line":2,"column":46}},"2":{"start":{"line":3,"column":0},"end":{"line":3,"column":49}},"3":{"start":{"line":10,"column":7},"end":{"line":10,"column":null}},"4":{"start":{"line":10,"column":13},"end":{"line":10,"column":25}},"5":{"start":{"line":10,"column":13},"end":{"line":10,"column":null}}},"fnMap":{},"branchMap":{},"s":{"0":0,"1":0,"2":0,"3":0,"4":0,"5":0},"f":{},"b":{}}
,"C:\\Users\\dhruv.bansal\\Desktop\\POCs\\release-guard-backend\\src\\gitlab\\gitlab.service.ts": {"path":"C:\\Users\\dhruv.bansal\\Desktop\\POCs\\release-guard-backend\\src\\gitlab\\gitlab.service.ts","statementMap":{"0":{"start":{"line":1,"column":0},"end":{"line":1,"column":52}},"1":{"start":{"line":2,"column":0},"end":{"line":2,"column":47}},"2":{"start":{"line":3,"column":0},"end":{"line":3,"column":26}},"3":{"start":{"line":6,"column":26},"end":{"line":63,"column":null}},"4":{"start":{"line":7,"column":28},"end":{"line":7,"column":58}},"5":{"start":{"line":12,"column":31},"end":{"line":12,"column":39}},"6":{"start":{"line":13,"column":4},"end":{"line":13,"column":69}},"7":{"start":{"line":14,"column":4},"end":{"line":14,"column":90}},"8":{"start":{"line":15,"column":4},"end":{"line":15,"column":72}},"9":{"start":{"line":19,"column":4},"end":{"line":19,"column":49}},"10":{"start":{"line":23,"column":4},"end":{"line":33,"column":5}},"11":{"start":{"line":24,"column":6},"end":{"line":24,"column":68}},"12":{"start":{"line":25,"column":23},"end":{"line":27,"column":null}},"13":{"start":{"line":29,"column":6},"end":{"line":29,"column":70}},"14":{"start":{"line":29,"column":59},"end":{"line":29,"column":68}},"15":{"start":{"line":31,"column":6},"end":{"line":31,"column":94}},"16":{"start":{"line":32,"column":6},"end":{"line":32,"column":16}},"17":{"start":{"line":37,"column":4},"end":{"line":47,"column":5}},"18":{"start":{"line":38,"column":6},"end":{"line":38,"column":75}},"19":{"start":{"line":39,"column":23},"end":{"line":41,"column":null}},"20":{"start":{"line":43,"column":6},"end":{"line":43,"column":78}},"21":{"start":{"line":43,"column":67},"end":{"line":43,"column":76}},"22":{"start":{"line":45,"column":6},"end":{"line":45,"column":73}},"23":{"start":{"line":46,"column":6},"end":{"line":46,"column":16}},"24":{"start":{"line":51,"column":4},"end":{"line":61,"column":5}},"25":{"start":{"line":52,"column":6},"end":{"line":52,"column":76}},"26":{"start":{"line":53,"column":23},"end":{"line":55,"column":null}},"27":{"start":{"line":57,"column":6},"end":{"line":57,"column":74}},"28":{"start":{"line":57,"column":61},"end":{"line":57,"column":72}},"29":{"start":{"line":59,"column":6},"end":{"line":59,"column":69}},"30":{"start":{"line":60,"column":6},"end":{"line":60,"column":16}},"31":{"start":{"line":6,"column":13},"end":{"line":6,"column":26}},"32":{"start":{"line":6,"column":13},"end":{"line":63,"column":null}}},"fnMap":{"0":{"name":"(anonymous_3)","decl":{"start":{"line":12,"column":2},"end":{"line":12,"column":31}},"loc":{"start":{"line":12,"column":52},"end":{"line":16,"column":3}}},"1":{"name":"(anonymous_4)","decl":{"start":{"line":18,"column":2},"end":{"line":18,"column":14}},"loc":{"start":{"line":18,"column":21},"end":{"line":20,"column":3}}},"2":{"name":"(anonymous_5)","decl":{"start":{"line":22,"column":2},"end":{"line":22,"column":7}},"loc":{"start":{"line":22,"column":43},"end":{"line":34,"column":3}}},"3":{"name":"(anonymous_6)","decl":{"start":{"line":29,"column":31},"end":{"line":29,"column":32}},"loc":{"start":{"line":29,"column":59},"end":{"line":29,"column":68}}},"4":{"name":"(anonymous_7)","decl":{"start":{"line":36,"column":2},"end":{"line":36,"column":7}},"loc":{"start":{"line":36,"column":64},"end":{"line":48,"column":3}}},"5":{"name":"(anonymous_8)","decl":{"start":{"line":43,"column":39},"end":{"line":43,"column":40}},"loc":{"start":{"line":43,"column":67},"end":{"line":43,"column":76}}},"6":{"name":"(anonymous_9)","decl":{"start":{"line":50,"column":2},"end":{"line":50,"column":7}},"loc":{"start":{"line":50,"column":20},"end":{"line":62,"column":3}}},"7":{"name":"(anonymous_10)","decl":{"start":{"line":57,"column":31},"end":{"line":57,"column":32}},"loc":{"start":{"line":57,"column":61},"end":{"line":57,"column":72}}}},"branchMap":{"0":{"loc":{"start":{"line":13,"column":23},"end":{"line":13,"column":68}},"type":"binary-expr","locations":[{"start":{"line":13,"column":23},"end":{"line":13,"column":62}},{"start":{"line":13,"column":66},"end":{"line":13,"column":68}}]},"1":{"loc":{"start":{"line":14,"column":21},"end":{"line":14,"column":89}},"type":"binary-expr","locations":[{"start":{"line":14,"column":21},"end":{"line":14,"column":58}},{"start":{"line":14,"column":62},"end":{"line":14,"column":89}}]},"2":{"loc":{"start":{"line":15,"column":21},"end":{"line":15,"column":71}},"type":"binary-expr","locations":[{"start":{"line":15,"column":21},"end":{"line":15,"column":65}},{"start":{"line":15,"column":69},"end":{"line":15,"column":71}}]},"3":{"loc":{"start":{"line":12,"column":39},"end":{"line":12,"column":null}},"type":"cond-expr","locations":[{"start":{"line":12,"column":52},"end":{"line":12,"column":null}},{"start":{"line":12,"column":52},"end":{"line":12,"column":null}}]},"4":{"loc":{"start":{"line":12,"column":39},"end":{"line":12,"column":52}},"type":"binary-expr","locations":[{"start":{"line":12,"column":39},"end":{"line":12,"column":null}},{"start":{"line":12,"column":39},"end":{"line":12,"column":52}}]}},"s":{"0":2,"1":2,"2":2,"3":2,"4":5,"5":5,"6":5,"7":5,"8":5,"9":4,"10":2,"11":2,"12":2,"13":1,"14":2,"15":1,"16":1,"17":1,"18":1,"19":1,"20":1,"21":2,"22":0,"23":0,"24":1,"25":1,"26":1,"27":1,"28":2,"29":0,"30":0,"31":2,"32":2},"f":{"0":5,"1":4,"2":2,"3":2,"4":1,"5":2,"6":1,"7":2},"b":{"0":[5,0],"1":[5,0],"2":[5,0],"3":[2,0],"4":[2,2]}}
,"C:\\Users\\dhruv.bansal\\Desktop\\POCs\\release-guard-backend\\src\\health\\health.controller.ts": {"path":"C:\\Users\\dhruv.bansal\\Desktop\\POCs\\release-guard-backend\\src\\health\\health.controller.ts","statementMap":{"0":{"start":{"line":1,"column":0},"end":{"line":1,"column":49}},"1":{"start":{"line":2,"column":0},"end":{"line":2,"column":112}},"2":{"start":{"line":5,"column":7},"end":{"line":20,"column":null}},"3":{"start":{"line":7,"column":12},"end":{"line":7,"column":20}},"4":{"start":{"line":8,"column":12},"end":{"line":8,"column":18}},"5":{"start":{"line":9,"column":12},"end":{"line":9,"column":16}},"6":{"start":{"line":15,"column":4},"end":{"line":18,"column":7}},"7":{"start":{"line":16,"column":12},"end":{"line":16,"column":41}},"8":{"start":{"line":5,"column":13},"end":{"line":5,"column":29}},"9":{"start":{"line":14,"column":2},"end":{"line":19,"column":null}},"10":{"start":{"line":5,"column":13},"end":{"line":20,"column":null}}},"fnMap":{"0":{"name":"(anonymous_2)","decl":{"start":{"line":6,"column":2},"end":{"line":6,"column":null}},"loc":{"start":{"line":9,"column":38},"end":{"line":10,"column":6}}},"1":{"name":"(anonymous_3)","decl":{"start":{"line":14,"column":2},"end":{"line":14,"column":7}},"loc":{"start":{"line":14,"column":7},"end":{"line":19,"column":3}}},"2":{"name":"(anonymous_4)","decl":{"start":{"line":16,"column":6},"end":{"line":16,"column":9}},"loc":{"start":{"line":16,"column":12},"end":{"line":16,"column":41}}}},"branchMap":{"0":{"loc":{"start":{"line":7,"column":20},"end":{"line":7,"column":null}},"type":"cond-expr","locations":[{"start":{"line":7,"column":38},"end":{"line":7,"column":null}},{"start":{"line":7,"column":38},"end":{"line":7,"column":null}}]},"1":{"loc":{"start":{"line":7,"column":20},"end":{"line":7,"column":38}},"type":"binary-expr","locations":[{"start":{"line":7,"column":20},"end":{"line":7,"column":null}},{"start":{"line":7,"column":20},"end":{"line":7,"column":38}}]},"2":{"loc":{"start":{"line":7,"column":38},"end":{"line":8,"column":null}},"type":"cond-expr","locations":[{"start":{"line":8,"column":37},"end":{"line":8,"column":null}},{"start":{"line":8,"column":37},"end":{"line":8,"column":null}}]},"3":{"loc":{"start":{"line":7,"column":38},"end":{"line":8,"column":37}},"type":"binary-expr","locations":[{"start":{"line":7,"column":38},"end":{"line":8,"column":null}},{"start":{"line":8,"column":18},"end":{"line":8,"column":37}}]},"4":{"loc":{"start":{"line":8,"column":37},"end":{"line":9,"column":null}},"type":"cond-expr","locations":[{"start":{"line":9,"column":38},"end":{"line":9,"column":null}},{"start":{"line":9,"column":38},"end":{"line":9,"column":null}}]},"5":{"loc":{"start":{"line":8,"column":37},"end":{"line":9,"column":38}},"type":"binary-expr","locations":[{"start":{"line":8,"column":37},"end":{"line":9,"column":null}},{"start":{"line":9,"column":16},"end":{"line":9,"column":38}}]}},"s":{"0":0,"1":0,"2":0,"3":0,"4":0,"5":0,"6":0,"7":0,"8":0,"9":0,"10":0},"f":{"0":0,"1":0,"2":0},"b":{"0":[0,0],"1":[0,0],"2":[0,0],"3":[0,0],"4":[0,0],"5":[0,0]}}
,"C:\\Users\\dhruv.bansal\\Desktop\\POCs\\release-guard-backend\\src\\health\\health.module.ts": {"path":"C:\\Users\\dhruv.bansal\\Desktop\\POCs\\release-guard-backend\\src\\health\\health.module.ts","statementMap":{"0":{"start":{"line":1,"column":0},"end":{"line":1,"column":40}},"1":{"start":{"line":2,"column":0},"end":{"line":2,"column":50}},"2":{"start":{"line":3,"column":0},"end":{"line":3,"column":43}},"3":{"start":{"line":4,"column":0},"end":{"line":4,"column":55}},"4":{"start":{"line":10,"column":7},"end":{"line":10,"column":null}},"5":{"start":{"line":10,"column":13},"end":{"line":10,"column":25}},"6":{"start":{"line":10,"column":13},"end":{"line":10,"column":null}}},"fnMap":{},"branchMap":{},"s":{"0":0,"1":0,"2":0,"3":0,"4":0,"5":0,"6":0},"f":{},"b":{}}
,"C:\\Users\\dhruv.bansal\\Desktop\\POCs\\release-guard-backend\\src\\policy\\policy.module.ts": {"path":"C:\\Users\\dhruv.bansal\\Desktop\\POCs\\release-guard-backend\\src\\policy\\policy.module.ts","statementMap":{"0":{"start":{"line":1,"column":0},"end":{"line":1,"column":40}},"1":{"start":{"line":2,"column":0},"end":{"line":2,"column":48}},"2":{"start":{"line":3,"column":0},"end":{"line":3,"column":49}},"3":{"start":{"line":4,"column":0},"end":{"line":4,"column":51}},"4":{"start":{"line":5,"column":0},"end":{"line":5,"column":60}},"5":{"start":{"line":12,"column":7},"end":{"line":12,"column":null}},"6":{"start":{"line":12,"column":13},"end":{"line":12,"column":25}},"7":{"start":{"line":12,"column":13},"end":{"line":12,"column":null}}},"fnMap":{},"branchMap":{},"s":{"0":0,"1":0,"2":0,"3":0,"4":0,"5":0,"6":0,"7":0},"f":{},"b":{}}
,"C:\\Users\\dhruv.bansal\\Desktop\\POCs\\release-guard-backend\\src\\policy\\policy.resolver.ts": {"path":"C:\\Users\\dhruv.bansal\\Desktop\\POCs\\release-guard-backend\\src\\policy\\policy.resolver.ts","statementMap":{"0":{"start":{"line":1,"column":0},"end":{"line":1,"column":50}},"1":{"start":{"line":2,"column":0},"end":{"line":2,"column":43}},"2":{"start":{"line":3,"column":0},"end":{"line":3,"column":49}},"3":{"start":{"line":4,"column":0},"end":{"line":4,"column":60}},"4":{"start":{"line":5,"column":0},"end":{"line":5,"column":54}},"5":{"start":{"line":8,"column":7},"end":{"line":16,"column":null}},"6":{"start":{"line":9,"column":31},"end":{"line":9,"column":46}},"7":{"start":{"line":14,"column":4},"end":{"line":14,"column":52}},"8":{"start":{"line":8,"column":13},"end":{"line":8,"column":27}},"9":{"start":{"line":13,"column":8},"end":{"line":15,"column":null}},"10":{"start":{"line":11,"column":15},"end":{"line":11,"column":28}},"11":{"start":{"line":8,"column":13},"end":{"line":16,"column":null}},"12":{"start":{"line":7,"column":16},"end":{"line":7,"column":27}}},"fnMap":{"0":{"name":"(anonymous_2)","decl":{"start":{"line":9,"column":2},"end":{"line":9,"column":31}},"loc":{"start":{"line":9,"column":59},"end":{"line":9,"column":63}}},"1":{"name":"(anonymous_3)","decl":{"start":{"line":13,"column":8},"end":{"line":13,"column":23}},"loc":{"start":{"line":13,"column":23},"end":{"line":15,"column":3}}},"2":{"name":"(anonymous_4)","decl":{"start":{"line":11,"column":9},"end":{"line":11,"column":12}},"loc":{"start":{"line":11,"column":15},"end":{"line":11,"column":28}}},"3":{"name":"(anonymous_5)","decl":{"start":{"line":7,"column":10},"end":{"line":7,"column":13}},"loc":{"start":{"line":7,"column":16},"end":{"line":7,"column":27}}}},"branchMap":{"0":{"loc":{"start":{"line":9,"column":46},"end":{"line":9,"column":62}},"type":"cond-expr","locations":[{"start":{"line":9,"column":59},"end":{"line":9,"column":62}},{"start":{"line":9,"column":59},"end":{"line":9,"column":62}}]},"1":{"loc":{"start":{"line":9,"column":46},"end":{"line":9,"column":59}},"type":"binary-expr","locations":[{"start":{"line":9,"column":46},"end":{"line":9,"column":62}},{"start":{"line":9,"column":46},"end":{"line":9,"column":59}}]}},"s":{"0":0,"1":0,"2":0,"3":0,"4":0,"5":0,"6":0,"7":0,"8":0,"9":0,"10":0,"11":0,"12":0},"f":{"0":0,"1":0,"2":0,"3":0},"b":{"0":[0,0],"1":[0,0]}}
,"C:\\Users\\dhruv.bansal\\Desktop\\POCs\\release-guard-backend\\src\\policy\\policy.service.ts": {"path":"C:\\Users\\dhruv.bansal\\Desktop\\POCs\\release-guard-backend\\src\\policy\\policy.service.ts","statementMap":{"0":{"start":{"line":1,"column":0},"end":{"line":1,"column":44}},"1":{"start":{"line":2,"column":0},"end":{"line":2,"column":51}},"2":{"start":{"line":3,"column":0},"end":{"line":3,"column":37}},"3":{"start":{"line":4,"column":0},"end":{"line":4,"column":60}},"4":{"start":{"line":7,"column":7},"end":{"line":16,"column":null}},"5":{"start":{"line":10,"column":21},"end":{"line":10,"column":44}},"6":{"start":{"line":14,"column":4},"end":{"line":14,"column":77}},"7":{"start":{"line":7,"column":13},"end":{"line":7,"column":26}},"8":{"start":{"line":7,"column":13},"end":{"line":16,"column":null}}},"fnMap":{"0":{"name":"(anonymous_4)","decl":{"start":{"line":8,"column":2},"end":{"line":8,"column":null}},"loc":{"start":{"line":10,"column":67},"end":{"line":11,"column":6}}},"1":{"name":"(anonymous_5)","decl":{"start":{"line":13,"column":2},"end":{"line":13,"column":7}},"loc":{"start":{"line":13,"column":27},"end":{"line":15,"column":3}}}},"branchMap":{"0":{"loc":{"start":{"line":10,"column":44},"end":{"line":10,"column":67}},"type":"cond-expr","locations":[{"start":{"line":10,"column":54},"end":{"line":10,"column":67}},{"start":{"line":10,"column":54},"end":{"line":10,"column":67}}]},"1":{"loc":{"start":{"line":10,"column":44},"end":{"line":10,"column":54}},"type":"binary-expr","locations":[{"start":{"line":10,"column":44},"end":{"line":10,"column":67}},{"start":{"line":10,"column":44},"end":{"line":10,"column":54}}]}},"s":{"0":2,"1":2,"2":2,"3":2,"4":2,"5":2,"6":1,"7":2,"8":2},"f":{"0":2,"1":1},"b":{"0":[2,0],"1":[2,2]}}
,"C:\\Users\\dhruv.bansal\\Desktop\\POCs\\release-guard-backend\\src\\policy\\entities\\environment.entity.ts": {"path":"C:\\Users\\dhruv.bansal\\Desktop\\POCs\\release-guard-backend\\src\\policy\\entities\\environment.entity.ts","statementMap":{"0":{"start":{"line":1,"column":0},"end":{"line":1,"column":61}},"1":{"start":{"line":2,"column":0},"end":{"line":2,"column":65}},"2":{"start":{"line":6,"column":7},"end":{"line":22,"column":null}},"3":{"start":{"line":6,"column":13},"end":{"line":6,"column":24}},"4":{"start":{"line":9,"column":2},"end":{"line":9,"column":null}},"5":{"start":{"line":7,"column":15},"end":{"line":7,"column":17}},"6":{"start":{"line":13,"column":2},"end":{"line":13,"column":16}},"7":{"start":{"line":17,"column":2},"end":{"line":17,"column":22}},"8":{"start":{"line":15,"column":15},"end":{"line":15,"column":18}},"9":{"start":{"line":21,"column":2},"end":{"line":21,"column":25}},"10":{"start":{"line":6,"column":13},"end":{"line":22,"column":null}}},"fnMap":{"0":{"name":"(anonymous_2)","decl":{"start":{"line":7,"column":9},"end":{"line":7,"column":12}},"loc":{"start":{"line":7,"column":15},"end":{"line":7,"column":17}}},"1":{"name":"(anonymous_3)","decl":{"start":{"line":15,"column":9},"end":{"line":15,"column":12}},"loc":{"start":{"line":15,"column":15},"end":{"line":15,"column":18}}}},"branchMap":{},"s":{"0":2,"1":2,"2":2,"3":2,"4":2,"5":0,"6":2,"7":2,"8":0,"9":2,"10":2},"f":{"0":0,"1":0},"b":{}}
}
